#
# There is insufficient memory for the Java Runtime Environment to continue.
# Native memory allocation (malloc) failed to allocate 1997792 bytes. Error detail: Chunk::new
# Possible reasons:
#   The system is out of physical RAM or swap space
#   This process is running with CompressedOops enabled, and the Java Heap may be blocking the growth of the native heap
# Possible solutions:
#   Reduce memory load on the system
#   Increase physical memory or swap space
#   Check if swap backing store is full
#   Decrease Java heap size (-Xmx/-Xms)
#   Decrease number of Java threads
#   Decrease Java thread stack sizes (-Xss)
#   Set larger code cache with -XX:ReservedCodeCacheSize=
#   JVM is running with Zero Based Compressed Oops mode in which the Java heap is
#     placed in the first 32GB address space. The Java Heap base address is the
#     maximum limit for the native heap growth. Please use -XX:HeapBaseMinAddress
#     to set the Java Heap base and to place the Java Heap above 32GB virtual address.
# This output file may be truncated or incomplete.
#
#  Out of Memory Error (arena.cpp:191), pid=18852, tid=21024
#
# JRE version: OpenJDK Runtime Environment Temurin-17.0.13+11 (17.0.13+11) (build 17.0.13+11)
# Java VM: OpenJDK 64-Bit Server VM Temurin-17.0.13+11 (17.0.13+11, mixed mode, tiered, compressed oops, compressed class ptrs, g1 gc, windows-amd64)
# No core dump will be written. Minidumps are not enabled by default on client versions of Windows
#

---------------  S U M M A R Y ------------

Command Line: -agentlib:jdwp=transport=dt_socket,server=n,suspend=y,address=localhost:50681 -XX:+ShowCodeDetailsInExceptionMessages com.foodies.foodiesBackendImplementation.FoodiesBackendImplementationApplication

Host: AMD Ryzen 5 5500U with Radeon Graphics         , 12 cores, 15G,  Windows 11 , 64 bit Build 26100 (10.0.26100.2454)
Time: Mon Dec 16 10:08:20 2024 Sri Lanka Standard Time elapsed time: 16.177308 seconds (0d 0h 0m 16s)

---------------  T H R E A D  ---------------

Current thread (0x000002cabeaabd20):  JavaThread "C2 CompilerThread0" daemon [_thread_in_native, id=21024, stack(0x000000d313200000,0x000000d313300000)]


Current CompileTask:
C2:  16177 4268       4       jdk.internal.org.objectweb.asm.MethodWriter::computeAllFrames (510 bytes)

Stack: [0x000000d313200000,0x000000d313300000]
Native frames: (J=compiled Java code, j=interpreted, Vv=VM code, C=native code)
V  [jvm.dll+0x682a19]
V  [jvm.dll+0x839538]
V  [jvm.dll+0x83afe3]
V  [jvm.dll+0x83b653]
V  [jvm.dll+0x24704f]
V  [jvm.dll+0xace34]
V  [jvm.dll+0xad4cc]
V  [jvm.dll+0x36597e]
V  [jvm.dll+0x32fbd8]
V  [jvm.dll+0x32f05a]
V  [jvm.dll+0x21804f]
V  [jvm.dll+0x21748f]
V  [jvm.dll+0x1a3070]
V  [jvm.dll+0x22788c]
V  [jvm.dll+0x2259eb]
V  [jvm.dll+0x7eec98]
V  [jvm.dll+0x7e8ffc]
V  [jvm.dll+0x6818f7]
C  [ucrtbase.dll+0x14ea0]
C  [KERNEL32.DLL+0x2e8d7]
C  [ntdll.dll+0xdfbcc]


---------------  P R O C E S S  ---------------

Threads class SMR info:
_java_thread_list=0x000002cac54c0dc0, length=24, elements={
0x000002caa010e150, 0x000002cabea67710, 0x000002cabea69ff0, 0x000002cabeaa76a0,
0x000002cabeaa9f80, 0x000002cabeaaa850, 0x000002cabeaab120, 0x000002cabeaabd20,
0x000002cabeaaecb0, 0x000002cabeaaf5c0, 0x000002cabec5da40, 0x000002cabec5eae0,
0x000002cabec5efe0, 0x000002cabec622b0, 0x000002cabec7a000, 0x000002cac3d56210,
0x000002cac7caf030, 0x000002cac7cadbf0, 0x000002cac7caf540, 0x000002cac7cae610,
0x000002cac7caeb20, 0x000002cac7cb0470, 0x000002cac7cafa50, 0x000002cac7ecf600
}

Java Threads: ( => current thread )
  0x000002caa010e150 JavaThread "main" [_thread_in_vm, id=17880, stack(0x000000d312500000,0x000000d312600000)]
  0x000002cabea67710 JavaThread "Reference Handler" daemon [_thread_blocked, id=12892, stack(0x000000d312c00000,0x000000d312d00000)]
  0x000002cabea69ff0 JavaThread "Finalizer" daemon [_thread_blocked, id=19472, stack(0x000000d312d00000,0x000000d312e00000)]
  0x000002cabeaa76a0 JavaThread "Signal Dispatcher" daemon [_thread_blocked, id=16600, stack(0x000000d312e00000,0x000000d312f00000)]
  0x000002cabeaa9f80 JavaThread "Attach Listener" daemon [_thread_blocked, id=2220, stack(0x000000d312f00000,0x000000d313000000)]
  0x000002cabeaaa850 JavaThread "Service Thread" daemon [_thread_blocked, id=18644, stack(0x000000d313000000,0x000000d313100000)]
  0x000002cabeaab120 JavaThread "Monitor Deflation Thread" daemon [_thread_blocked, id=2948, stack(0x000000d313100000,0x000000d313200000)]
=>0x000002cabeaabd20 JavaThread "C2 CompilerThread0" daemon [_thread_in_native, id=21024, stack(0x000000d313200000,0x000000d313300000)]
  0x000002cabeaaecb0 JavaThread "C1 CompilerThread0" daemon [_thread_blocked, id=20460, stack(0x000000d313300000,0x000000d313400000)]
  0x000002cabeaaf5c0 JavaThread "Sweeper thread" daemon [_thread_blocked, id=17280, stack(0x000000d313400000,0x000000d313500000)]
  0x000002cabec5da40 JavaThread "JDWP Transport Listener: dt_socket" daemon [_thread_blocked, id=21148, stack(0x000000d313500000,0x000000d313600000)]
  0x000002cabec5eae0 JavaThread "JDWP Event Helper Thread" daemon [_thread_blocked, id=16748, stack(0x000000d313600000,0x000000d313700000)]
  0x000002cabec5efe0 JavaThread "JDWP Command Reader" daemon [_thread_in_native, id=11792, stack(0x000000d313700000,0x000000d313800000)]
  0x000002cabec622b0 JavaThread "Notification Thread" daemon [_thread_blocked, id=9336, stack(0x000000d313800000,0x000000d313900000)]
  0x000002cabec7a000 JavaThread "Common-Cleaner" daemon [_thread_blocked, id=14980, stack(0x000000d313a00000,0x000000d313b00000)]
  0x000002cac3d56210 JavaThread "C2 CompilerThread1" daemon [_thread_in_native, id=20276, stack(0x000000d314100000,0x000000d314200000)]
  0x000002cac7caf030 JavaThread "Catalina-utility-1" [_thread_blocked, id=17516, stack(0x000000d314200000,0x000000d314300000)]
  0x000002cac7cadbf0 JavaThread "Catalina-utility-2" [_thread_blocked, id=19584, stack(0x000000d314900000,0x000000d314a00000)]
  0x000002cac7caf540 JavaThread "container-0" [_thread_blocked, id=15392, stack(0x000000d314a00000,0x000000d314b00000)]
  0x000002cac7cae610 JavaThread "BufferPoolPruner-1-thread-1" daemon [_thread_blocked, id=18924, stack(0x000000d314b00000,0x000000d314c00000)]
  0x000002cac7caeb20 JavaThread "cluster-ClusterId{value='675faeb63d3eec455780112e', description='null'}-localhost:27017" daemon [_thread_in_native, id=19064, stack(0x000000d314800000,0x000000d314900000)]
  0x000002cac7cb0470 JavaThread "cluster-rtt-ClusterId{value='675faeb63d3eec455780112e', description='null'}-localhost:27017" daemon [_thread_blocked, id=19160, stack(0x000000d314d00000,0x000000d314e00000)]
  0x000002cac7cafa50 JavaThread "MaintenanceTimer-2-thread-1" daemon [_thread_blocked, id=19928, stack(0x000000d314e00000,0x000000d314f00000)]
  0x000002cac7ecf600 JavaThread "C2 CompilerThread2" daemon [_thread_in_native, id=16764, stack(0x000000d314f00000,0x000000d315000000)]

Other Threads:
  0x000002cabea234b0 VMThread "VM Thread" [stack: 0x000000d312b00000,0x000000d312c00000] [id=9808]
  0x000002cabec676c0 WatcherThread [stack: 0x000000d313900000,0x000000d313a00000] [id=18604]
  0x000002caa0182fd0 GCTaskThread "GC Thread#0" [stack: 0x000000d312600000,0x000000d312700000] [id=2284]
  0x000002cac3e4d040 GCTaskThread "GC Thread#1" [stack: 0x000000d313b00000,0x000000d313c00000] [id=11940]
  0x000002cac3e4d300 GCTaskThread "GC Thread#2" [stack: 0x000000d313c00000,0x000000d313d00000] [id=15428]
  0x000002cac3e4d5c0 GCTaskThread "GC Thread#3" [stack: 0x000000d313d00000,0x000000d313e00000] [id=11648]
  0x000002cac3e4d880 GCTaskThread "GC Thread#4" [stack: 0x000000d313e00000,0x000000d313f00000] [id=13392]
  0x000002cac3e8e3d0 GCTaskThread "GC Thread#5" [stack: 0x000000d313f00000,0x000000d314000000] [id=20236]
  0x000002cac3e8e110 GCTaskThread "GC Thread#6" [stack: 0x000000d314000000,0x000000d314100000] [id=8560]
  0x000002cac3e8e690 GCTaskThread "GC Thread#7" [stack: 0x000000d314300000,0x000000d314400000] [id=17920]
  0x000002cac3e8e950 GCTaskThread "GC Thread#8" [stack: 0x000000d314400000,0x000000d314500000] [id=20252]
  0x000002cac3e8ec10 GCTaskThread "GC Thread#9" [stack: 0x000000d314500000,0x000000d314600000] [id=21012]
  0x000002caa01944e0 ConcurrentGCThread "G1 Main Marker" [stack: 0x000000d312700000,0x000000d312800000] [id=14236]
  0x000002caa0197b40 ConcurrentGCThread "G1 Conc#0" [stack: 0x000000d312800000,0x000000d312900000] [id=19504]
  0x000002cac3e8d610 ConcurrentGCThread "G1 Conc#1" [stack: 0x000000d314600000,0x000000d314700000] [id=13692]
  0x000002cac3e8eed0 ConcurrentGCThread "G1 Conc#2" [stack: 0x000000d314700000,0x000000d314800000] [id=5204]
  0x000002cabe36f1a0 ConcurrentGCThread "G1 Refine#0" [stack: 0x000000d312900000,0x000000d312a00000] [id=20652]
  0x000002cac478fed0 ConcurrentGCThread "G1 Refine#1" [stack: 0x000000d315000000,0x000000d315100000] [id=12660]
  0x000002cac478f8f0 ConcurrentGCThread "G1 Refine#2" [stack: 0x000000d315100000,0x000000d315200000] [id=17976]
  0x000002cabe36f880 ConcurrentGCThread "G1 Service" [stack: 0x000000d312a00000,0x000000d312b00000] [id=8372]

Threads with active compile tasks:
C2 CompilerThread0    16223 4268       4       jdk.internal.org.objectweb.asm.MethodWriter::computeAllFrames (510 bytes)
C2 CompilerThread1    16223 4233       4       org.springframework.core.ResolvableType::forType (112 bytes)
C2 CompilerThread2    16223 4292       4       java.util.concurrent.ConcurrentMap::computeIfAbsent (51 bytes)

VM state: not at safepoint (normal execution)

VM Mutex/Monitor currently owned by a thread:  ([mutex/lock_event])
[0x000002caa010bb20] AdapterHandlerLibrary_lock - owner thread: 0x0000000000000000

Heap address: 0x0000000709c00000, size: 3940 MB, Compressed Oops mode: Zero based, Oop shift amount: 3

CDS archive(s) not mapped
Compressed class space mapped at: 0x0000000800000000-0x0000000840000000, reserved size: 1073741824
Narrow klass base: 0x0000000800000000, Narrow klass shift: 0, Narrow klass range: 0x40000000

GC Precious Log:
 CPUs: 12 total, 12 available
 Memory: 15753M
 Large Page Support: Disabled
 NUMA Support: Disabled
 Compressed Oops: Enabled (Zero based)
 Heap Region Size: 2M
 Heap Min Capacity: 8M
 Heap Initial Capacity: 248M
 Heap Max Capacity: 3940M
 Pre-touch: Disabled
 Parallel Workers: 10
 Concurrent Workers: 3
 Concurrent Refinement Workers: 10
 Periodic GC: Disabled

Heap:
 garbage-first heap   total 69632K, used 22203K [0x0000000709c00000, 0x0000000800000000)
  region size 2048K, 3 young (6144K), 1 survivors (2048K)
 Metaspace       used 43529K, committed 43904K, reserved 1114112K
  class space    used 5455K, committed 5632K, reserved 1048576K

Heap Regions: E=young(eden), S=young(survivor), O=old, HS=humongous(starts), HC=humongous(continues), CS=collection set, F=free, OA=open archive, CA=closed archive, TAMS=top-at-mark-start (previous, next)
|   0|0x0000000709c00000, 0x0000000709e00000, 0x0000000709e00000|100%| O|  |TAMS 0x0000000709e00000, 0x0000000709c00000| Untracked 
|   1|0x0000000709e00000, 0x000000070a000000, 0x000000070a000000|100%| O|  |TAMS 0x000000070a000000, 0x0000000709e00000| Untracked 
|   2|0x000000070a000000, 0x000000070a200000, 0x000000070a200000|100%| O|  |TAMS 0x000000070a200000, 0x000000070a000000| Untracked 
|   3|0x000000070a200000, 0x000000070a400000, 0x000000070a400000|100%| O|  |TAMS 0x000000070a200000, 0x000000070a200000| Untracked 
|   4|0x000000070a400000, 0x000000070a600000, 0x000000070a600000|100%| O|  |TAMS 0x000000070a600000, 0x000000070a400000| Untracked 
|   5|0x000000070a600000, 0x000000070a600000, 0x000000070a800000|  0%| F|  |TAMS 0x000000070a600000, 0x000000070a600000| Untracked 
|   6|0x000000070a800000, 0x000000070aa00000, 0x000000070aa00000|100%| O|  |TAMS 0x000000070aa00000, 0x000000070a800000| Untracked 
|   7|0x000000070aa00000, 0x000000070ac00000, 0x000000070ac00000|100%| O|  |TAMS 0x000000070aa00000, 0x000000070aa00000| Untracked 
|   8|0x000000070ac00000, 0x000000070ae00000, 0x000000070ae00000|100%| O|  |TAMS 0x000000070ac00000, 0x000000070ac00000| Untracked 
|   9|0x000000070ae00000, 0x000000070b000000, 0x000000070b000000|100%| O|  |TAMS 0x000000070ae00000, 0x000000070ae00000| Untracked 
|  10|0x000000070b000000, 0x000000070b0d8800, 0x000000070b200000| 42%| O|  |TAMS 0x000000070b000000, 0x000000070b000000| Untracked 
|  11|0x000000070b200000, 0x000000070b200000, 0x000000070b400000|  0%| F|  |TAMS 0x000000070b200000, 0x000000070b200000| Untracked 
|  12|0x000000070b400000, 0x000000070b400000, 0x000000070b600000|  0%| F|  |TAMS 0x000000070b400000, 0x000000070b400000| Untracked 
|  13|0x000000070b600000, 0x000000070b600000, 0x000000070b800000|  0%| F|  |TAMS 0x000000070b600000, 0x000000070b600000| Untracked 
|  14|0x000000070b800000, 0x000000070b800000, 0x000000070ba00000|  0%| F|  |TAMS 0x000000070b800000, 0x000000070b800000| Untracked 
|  15|0x000000070ba00000, 0x000000070ba00000, 0x000000070bc00000|  0%| F|  |TAMS 0x000000070ba00000, 0x000000070ba00000| Untracked 
|  16|0x000000070bc00000, 0x000000070bc00000, 0x000000070be00000|  0%| F|  |TAMS 0x000000070bc00000, 0x000000070bc00000| Untracked 
|  17|0x000000070be00000, 0x000000070be00000, 0x000000070c000000|  0%| F|  |TAMS 0x000000070be00000, 0x000000070be00000| Untracked 
|  18|0x000000070c000000, 0x000000070c000000, 0x000000070c200000|  0%| F|  |TAMS 0x000000070c000000, 0x000000070c000000| Untracked 
|  19|0x000000070c200000, 0x000000070c200000, 0x000000070c400000|  0%| F|  |TAMS 0x000000070c200000, 0x000000070c200000| Untracked 
|  20|0x000000070c400000, 0x000000070c400000, 0x000000070c600000|  0%| F|  |TAMS 0x000000070c400000, 0x000000070c400000| Untracked 
|  21|0x000000070c600000, 0x000000070c600000, 0x000000070c800000|  0%| F|  |TAMS 0x000000070c600000, 0x000000070c600000| Untracked 
|  22|0x000000070c800000, 0x000000070c800000, 0x000000070ca00000|  0%| F|  |TAMS 0x000000070c800000, 0x000000070c800000| Untracked 
|  23|0x000000070ca00000, 0x000000070ca00000, 0x000000070cc00000|  0%| F|  |TAMS 0x000000070ca00000, 0x000000070ca00000| Untracked 
|  24|0x000000070cc00000, 0x000000070cc00000, 0x000000070ce00000|  0%| F|  |TAMS 0x000000070cc00000, 0x000000070cc00000| Untracked 
|  25|0x000000070ce00000, 0x000000070ce00000, 0x000000070d000000|  0%| F|  |TAMS 0x000000070ce00000, 0x000000070ce00000| Untracked 
|  26|0x000000070d000000, 0x000000070d000000, 0x000000070d200000|  0%| F|  |TAMS 0x000000070d000000, 0x000000070d000000| Untracked 
|  27|0x000000070d200000, 0x000000070d200000, 0x000000070d400000|  0%| F|  |TAMS 0x000000070d200000, 0x000000070d200000| Untracked 
|  28|0x000000070d400000, 0x000000070d400000, 0x000000070d600000|  0%| F|  |TAMS 0x000000070d400000, 0x000000070d400000| Untracked 
|  29|0x000000070d600000, 0x000000070d600000, 0x000000070d800000|  0%| F|  |TAMS 0x000000070d600000, 0x000000070d600000| Untracked 
|  61|0x0000000711600000, 0x0000000711600000, 0x0000000711800000|  0%| F|  |TAMS 0x0000000711600000, 0x0000000711600000| Untracked 
|  62|0x0000000711800000, 0x0000000711a00000, 0x0000000711a00000|100%| E|  |TAMS 0x0000000711800000, 0x0000000711800000| Complete 
|  63|0x0000000711a00000, 0x0000000711ad6580, 0x0000000711c00000| 41%| S|CS|TAMS 0x0000000711a00000, 0x0000000711a00000| Complete 
| 123|0x0000000719200000, 0x0000000719400000, 0x0000000719400000|100%| E|CS|TAMS 0x0000000719200000, 0x0000000719200000| Complete 

Card table byte_map: [0x000002cab32d0000,0x000002cab3a90000] _byte_map_base: 0x000002caafa82000

Marking Bits (Prev, Next): (CMBitMap*) 0x000002caa0184410, (CMBitMap*) 0x000002caa0184450
 Prev Bits: [0x000002cab4250000, 0x000002cab7fe0000)
 Next Bits: [0x000002cab7fe0000, 0x000002cabbd70000)

Polling page: 0x000002ca9e870000

Metaspace:

Usage:
  Non-class:     37.19 MB used.
      Class:      5.33 MB used.
       Both:     42.52 MB used.

Virtual space:
  Non-class space:       64.00 MB reserved,      37.44 MB ( 58%) committed,  1 nodes.
      Class space:        1.00 GB reserved,       5.50 MB ( <1%) committed,  1 nodes.
             Both:        1.06 GB reserved,      42.94 MB (  4%) committed. 

Chunk freelists:
   Non-Class:  9.73 MB
       Class:  10.52 MB
        Both:  20.25 MB

MaxMetaspaceSize: unlimited
CompressedClassSpaceSize: 1.00 GB
Initial GC threshold: 21.00 MB
Current GC threshold: 58.88 MB
CDS: off
MetaspaceReclaimPolicy: balanced
 - commit_granule_bytes: 65536.
 - commit_granule_words: 8192.
 - virtual_space_node_default_size: 8388608.
 - enlarge_chunks_in_place: 1.
 - new_chunks_are_fully_committed: 0.
 - uncommit_free_chunks: 1.
 - use_allocation_guard: 0.
 - handle_deallocations: 1.


Internal statistics:

num_allocs_failed_limit: 6.
num_arena_births: 576.
num_arena_deaths: 0.
num_vsnodes_births: 2.
num_vsnodes_deaths: 0.
num_space_committed: 687.
num_space_uncommitted: 0.
num_chunks_returned_to_freelist: 6.
num_chunks_taken_from_freelist: 1879.
num_chunk_merges: 6.
num_chunk_splits: 1299.
num_chunks_enlarged: 980.
num_inconsistent_stats: 0.

CodeHeap 'non-profiled nmethods': size=120000Kb used=2614Kb max_used=2614Kb free=117386Kb
 bounds [0x000002caaa950000, 0x000002caaabe0000, 0x000002cab1e80000]
CodeHeap 'profiled nmethods': size=120000Kb used=9198Kb max_used=9198Kb free=110802Kb
 bounds [0x000002caa2e80000, 0x000002caa3780000, 0x000002caaa3b0000]
CodeHeap 'non-nmethods': size=5760Kb used=1313Kb max_used=1391Kb free=4446Kb
 bounds [0x000002caaa3b0000, 0x000002caaa620000, 0x000002caaa950000]
 total_blobs=4878 nmethods=4323 adapters=467
 compilation: enabled
              stopped_count=0, restarted_count=0
 full_count=0

Compilation events (20 events):
Event: 12.049 Thread 0x000002cabeaaecb0 4324       3       org.springframework.boot.context.properties.source.SystemEnvironmentPropertyMapper::convertName (10 bytes)
Event: 12.049 Thread 0x000002cabeaaecb0 nmethod 4324 0x000002caa3777410 code [0x000002caa37775c0, 0x000002caa37777a8]
Event: 12.076 Thread 0x000002cac7ecf600 nmethod 4232 0x000002caaabd9110 code [0x000002caaabd93a0, 0x000002caaabda740]
Event: 12.078 Thread 0x000002cac7ecf600 4269       4       java.lang.String::substring (58 bytes)
Event: 12.079 Thread 0x000002cabeaaecb0 4325       1       org.springframework.web.context.support.GenericWebApplicationContext::getServletContext (5 bytes)
Event: 12.080 Thread 0x000002cabeaaecb0 nmethod 4325 0x000002caaabdb690 code [0x000002caaabdb820, 0x000002caaabdb8f8]
Event: 12.080 Thread 0x000002cabeaaecb0 4326       1       org.springframework.beans.factory.support.AbstractBeanFactory::getConversionService (5 bytes)
Event: 12.080 Thread 0x000002cabeaaecb0 nmethod 4326 0x000002caaabdb990 code [0x000002caaabdbb20, 0x000002caaabdbbf8]
Event: 12.086 Thread 0x000002cabeaaecb0 4327       3       org.springframework.core.ResolvableType::forMethodParameter (9 bytes)
Event: 12.087 Thread 0x000002cabeaaecb0 nmethod 4327 0x000002caa3777910 code [0x000002caa3777ae0, 0x000002caa3777e78]
Event: 12.087 Thread 0x000002cabeaaecb0 4328       3       org.springframework.core.ResolvableType::forMethodParameter (17 bytes)
Event: 12.087 Thread 0x000002cabeaaecb0 nmethod 4328 0x000002caa3778010 code [0x000002caa37781e0, 0x000002caa3778518]
Event: 12.087 Thread 0x000002cabeaaecb0 4329       1       org.springframework.beans.PropertyEditorRegistrySupport::setConversionService (6 bytes)
Event: 12.087 Thread 0x000002cabeaaecb0 nmethod 4329 0x000002caaabdbc90 code [0x000002caaabdbe20, 0x000002caaabdbf38]
Event: 12.101 Thread 0x000002cac7ecf600 nmethod 4269 0x000002caaabdbf90 code [0x000002caaabdc160, 0x000002caaabdcf58]
Event: 12.101 Thread 0x000002cac7ecf600 4308       4       jdk.internal.org.objectweb.asm.Label::<init> (5 bytes)
Event: 12.102 Thread 0x000002cac7ecf600 nmethod 4308 0x000002caaabdd510 code [0x000002caaabdd680, 0x000002caaabdd6f8]
Event: 12.102 Thread 0x000002cac7ecf600 4292       4       java.util.concurrent.ConcurrentMap::computeIfAbsent (51 bytes)
Event: 12.109 Thread 0x000002cabeaaecb0 4331       3       jdk.internal.misc.VM::isSystemDomainLoader (17 bytes)
Event: 12.110 Thread 0x000002cabeaaecb0 nmethod 4331 0x000002caa3778690 code [0x000002caa37788e0, 0x000002caa3779398]

GC Heap History (20 events):
Event: 5.243 GC heap before
{Heap before GC invocations=0 (full 0):
 garbage-first heap   total 253952K, used 22528K [0x0000000709c00000, 0x0000000800000000)
  region size 2048K, 11 young (22528K), 0 survivors (0K)
 Metaspace       used 12460K, committed 12672K, reserved 1114112K
  class space    used 1330K, committed 1408K, reserved 1048576K
}
Event: 5.252 GC heap after
{Heap after GC invocations=1 (full 0):
 garbage-first heap   total 253952K, used 6994K [0x0000000709c00000, 0x0000000800000000)
  region size 2048K, 2 young (4096K), 2 survivors (4096K)
 Metaspace       used 12460K, committed 12672K, reserved 1114112K
  class space    used 1330K, committed 1408K, reserved 1048576K
}
Event: 6.185 GC heap before
{Heap before GC invocations=1 (full 0):
 garbage-first heap   total 253952K, used 29522K [0x0000000709c00000, 0x0000000800000000)
  region size 2048K, 14 young (28672K), 2 survivors (4096K)
 Metaspace       used 19464K, committed 19776K, reserved 1114112K
  class space    used 2203K, committed 2368K, reserved 1048576K
}
Event: 6.192 GC heap after
{Heap after GC invocations=2 (full 0):
 garbage-first heap   total 253952K, used 9493K [0x0000000709c00000, 0x0000000800000000)
  region size 2048K, 2 young (4096K), 2 survivors (4096K)
 Metaspace       used 19464K, committed 19776K, reserved 1114112K
  class space    used 2203K, committed 2368K, reserved 1048576K
}
Event: 6.320 GC heap before
{Heap before GC invocations=2 (full 0):
 garbage-first heap   total 253952K, used 15637K [0x0000000709c00000, 0x0000000800000000)
  region size 2048K, 6 young (12288K), 2 survivors (4096K)
 Metaspace       used 21249K, committed 21504K, reserved 1114112K
  class space    used 2427K, committed 2560K, reserved 1048576K
}
Event: 6.324 GC heap after
{Heap after GC invocations=3 (full 0):
 garbage-first heap   total 253952K, used 9731K [0x0000000709c00000, 0x0000000800000000)
  region size 2048K, 2 young (4096K), 2 survivors (4096K)
 Metaspace       used 21249K, committed 21504K, reserved 1114112K
  class space    used 2427K, committed 2560K, reserved 1048576K
}
Event: 7.193 GC heap before
{Heap before GC invocations=4 (full 0):
 garbage-first heap   total 49152K, used 32259K [0x0000000709c00000, 0x0000000800000000)
  region size 2048K, 14 young (28672K), 2 survivors (4096K)
 Metaspace       used 25724K, committed 25984K, reserved 1114112K
  class space    used 3004K, committed 3136K, reserved 1048576K
}
Event: 7.202 GC heap after
{Heap after GC invocations=5 (full 0):
 garbage-first heap   total 49152K, used 12587K [0x0000000709c00000, 0x0000000800000000)
  region size 2048K, 2 young (4096K), 2 survivors (4096K)
 Metaspace       used 25724K, committed 25984K, reserved 1114112K
  class space    used 3004K, committed 3136K, reserved 1048576K
}
Event: 7.279 GC heap before
{Heap before GC invocations=5 (full 0):
 garbage-first heap   total 49152K, used 14635K [0x0000000709c00000, 0x0000000800000000)
  region size 2048K, 3 young (6144K), 2 survivors (4096K)
 Metaspace       used 25892K, committed 26176K, reserved 1114112K
  class space    used 3017K, committed 3200K, reserved 1048576K
}
Event: 7.288 GC heap after
{Heap after GC invocations=6 (full 0):
 garbage-first heap   total 49152K, used 12837K [0x0000000709c00000, 0x0000000800000000)
  region size 2048K, 1 young (2048K), 1 survivors (2048K)
 Metaspace       used 25892K, committed 26176K, reserved 1114112K
  class space    used 3017K, committed 3200K, reserved 1048576K
}
Event: 8.023 GC heap before
{Heap before GC invocations=6 (full 0):
 garbage-first heap   total 49152K, used 27173K [0x0000000709c00000, 0x0000000800000000)
  region size 2048K, 9 young (18432K), 1 survivors (2048K)
 Metaspace       used 27973K, committed 28288K, reserved 1114112K
  class space    used 3267K, committed 3456K, reserved 1048576K
}
Event: 8.031 GC heap after
{Heap after GC invocations=7 (full 0):
 garbage-first heap   total 49152K, used 13882K [0x0000000709c00000, 0x0000000800000000)
  region size 2048K, 1 young (2048K), 1 survivors (2048K)
 Metaspace       used 27973K, committed 28288K, reserved 1114112K
  class space    used 3267K, committed 3456K, reserved 1048576K
}
Event: 8.877 GC heap before
{Heap before GC invocations=7 (full 0):
 garbage-first heap   total 49152K, used 32314K [0x0000000709c00000, 0x0000000800000000)
  region size 2048K, 10 young (20480K), 1 survivors (2048K)
 Metaspace       used 31428K, committed 31744K, reserved 1114112K
  class space    used 3750K, committed 3904K, reserved 1048576K
}
Event: 8.889 GC heap after
{Heap after GC invocations=8 (full 0):
 garbage-first heap   total 151552K, used 15522K [0x0000000709c00000, 0x0000000800000000)
  region size 2048K, 2 young (4096K), 2 survivors (4096K)
 Metaspace       used 31428K, committed 31744K, reserved 1114112K
  class space    used 3750K, committed 3904K, reserved 1048576K
}
Event: 10.256 GC heap before
{Heap before GC invocations=8 (full 0):
 garbage-first heap   total 151552K, used 33954K [0x0000000709c00000, 0x0000000800000000)
  region size 2048K, 12 young (24576K), 2 survivors (4096K)
 Metaspace       used 35717K, committed 36096K, reserved 1114112K
  class space    used 4302K, committed 4480K, reserved 1048576K
}
Event: 10.267 GC heap after
{Heap after GC invocations=9 (full 0):
 garbage-first heap   total 151552K, used 17475K [0x0000000709c00000, 0x0000000800000000)
  region size 2048K, 3 young (6144K), 3 survivors (6144K)
 Metaspace       used 35717K, committed 36096K, reserved 1114112K
  class space    used 4302K, committed 4480K, reserved 1048576K
}
Event: 11.775 GC heap before
{Heap before GC invocations=10 (full 0):
 garbage-first heap   total 69632K, used 52291K [0x0000000709c00000, 0x0000000800000000)
  region size 2048K, 20 young (40960K), 3 survivors (6144K)
 Metaspace       used 42674K, committed 43136K, reserved 1114112K
  class space    used 5347K, committed 5568K, reserved 1048576K
}
Event: 11.783 GC heap after
{Heap after GC invocations=11 (full 0):
 garbage-first heap   total 69632K, used 20099K [0x0000000709c00000, 0x0000000800000000)
  region size 2048K, 3 young (6144K), 3 survivors (6144K)
 Metaspace       used 42674K, committed 43136K, reserved 1114112K
  class space    used 5347K, committed 5568K, reserved 1048576K
}
Event: 11.899 GC heap before
{Heap before GC invocations=11 (full 0):
 garbage-first heap   total 69632K, used 22147K [0x0000000709c00000, 0x0000000800000000)
  region size 2048K, 4 young (8192K), 3 survivors (6144K)
 Metaspace       used 42853K, committed 43328K, reserved 1114112K
  class space    used 5363K, committed 5568K, reserved 1048576K
}
Event: 11.906 GC heap after
{Heap after GC invocations=12 (full 0):
 garbage-first heap   total 69632K, used 20155K [0x0000000709c00000, 0x0000000800000000)
  region size 2048K, 1 young (2048K), 1 survivors (2048K)
 Metaspace       used 42853K, committed 43328K, reserved 1114112K
  class space    used 5363K, committed 5568K, reserved 1048576K
}

Dll operation events (9 events):
Event: 0.014 Loaded shared library C:\Users\Thamod Rasmitha\.vscode\extensions\redhat.java-1.37.0-win32-x64\jre\17.0.13-win32-x86_64\bin\java.dll
Event: 1.478 Loaded shared library C:\Users\Thamod Rasmitha\.vscode\extensions\redhat.java-1.37.0-win32-x64\jre\17.0.13-win32-x86_64\bin\net.dll
Event: 1.480 Loaded shared library C:\Users\Thamod Rasmitha\.vscode\extensions\redhat.java-1.37.0-win32-x64\jre\17.0.13-win32-x86_64\bin\nio.dll
Event: 1.492 Loaded shared library C:\Users\Thamod Rasmitha\.vscode\extensions\redhat.java-1.37.0-win32-x64\jre\17.0.13-win32-x86_64\bin\zip.dll
Event: 1.838 Loaded shared library C:\Users\Thamod Rasmitha\.vscode\extensions\redhat.java-1.37.0-win32-x64\jre\17.0.13-win32-x86_64\bin\jimage.dll
Event: 6.657 Loaded shared library C:\Users\Thamod Rasmitha\.vscode\extensions\redhat.java-1.37.0-win32-x64\jre\17.0.13-win32-x86_64\bin\sunmscapi.dll
Event: 9.990 Loaded shared library C:\Users\Thamod Rasmitha\.vscode\extensions\redhat.java-1.37.0-win32-x64\jre\17.0.13-win32-x86_64\bin\management.dll
Event: 9.995 Loaded shared library C:\Users\Thamod Rasmitha\.vscode\extensions\redhat.java-1.37.0-win32-x64\jre\17.0.13-win32-x86_64\bin\management_ext.dll
Event: 10.744 Loaded shared library C:\Users\Thamod Rasmitha\.vscode\extensions\redhat.java-1.37.0-win32-x64\jre\17.0.13-win32-x86_64\bin\extnet.dll

Deoptimization events (20 events):
Event: 12.084 Thread 0x000002caa010e150 DEOPT PACKING pc=0x000002caa301f924 sp=0x000000d3125fd840
Event: 12.084 Thread 0x000002caa010e150 DEOPT UNPACKING pc=0x000002caaa407143 sp=0x000000d3125fcd18 mode 1
Event: 12.084 Thread 0x000002caa010e150 DEOPT PACKING pc=0x000002caa32cf7ec sp=0x000000d3125fd8e0
Event: 12.084 Thread 0x000002caa010e150 DEOPT UNPACKING pc=0x000002caaa407143 sp=0x000000d3125fcf40 mode 1
Event: 12.084 Thread 0x000002caa010e150 DEOPT PACKING pc=0x000002caa2f8a5dc sp=0x000000d3125fccf0
Event: 12.084 Thread 0x000002caa010e150 DEOPT UNPACKING pc=0x000002caaa407143 sp=0x000000d3125fc188 mode 1
Event: 12.084 Thread 0x000002caa010e150 DEOPT PACKING pc=0x000002caa2f89adc sp=0x000000d3125fcdc0
Event: 12.084 Thread 0x000002caa010e150 DEOPT UNPACKING pc=0x000002caaa407143 sp=0x000000d3125fc278 mode 1
Event: 12.084 Thread 0x000002caa010e150 DEOPT PACKING pc=0x000002caa301f924 sp=0x000000d3125fd7d0
Event: 12.084 Thread 0x000002caa010e150 DEOPT UNPACKING pc=0x000002caaa407143 sp=0x000000d3125fcca8 mode 1
Event: 12.084 Thread 0x000002caa010e150 DEOPT PACKING pc=0x000002caa32cf7ec sp=0x000000d3125fd870
Event: 12.084 Thread 0x000002caa010e150 DEOPT UNPACKING pc=0x000002caaa407143 sp=0x000000d3125fced0 mode 1
Event: 12.087 Thread 0x000002caa010e150 DEOPT PACKING pc=0x000002caa34241d4 sp=0x000000d3125fe710
Event: 12.087 Thread 0x000002caa010e150 DEOPT UNPACKING pc=0x000002caaa407143 sp=0x000000d3125fdc88 mode 1
Event: 12.087 Thread 0x000002caa010e150 DEOPT PACKING pc=0x000002caa34241d4 sp=0x000000d3125fe710
Event: 12.087 Thread 0x000002caa010e150 DEOPT UNPACKING pc=0x000002caaa407143 sp=0x000000d3125fdc88 mode 1
Event: 12.105 Thread 0x000002caa010e150 DEOPT PACKING pc=0x000002caa34241d4 sp=0x000000d3125fe710
Event: 12.105 Thread 0x000002caa010e150 DEOPT UNPACKING pc=0x000002caaa407143 sp=0x000000d3125fdc88 mode 1
Event: 12.105 Thread 0x000002caa010e150 DEOPT PACKING pc=0x000002caa34241d4 sp=0x000000d3125fe710
Event: 12.105 Thread 0x000002caa010e150 DEOPT UNPACKING pc=0x000002caaa407143 sp=0x000000d3125fdc88 mode 1

Classes loaded (20 events):
Event: 11.373 Loading class java/util/concurrent/ForkJoinTask done
Event: 11.373 Loading class java/util/concurrent/CompletableFuture$Completion done
Event: 11.462 Loading class java/lang/Package$1PackageInfoProxy
Event: 11.462 Loading class java/lang/Package$1PackageInfoProxy done
Event: 11.527 Loading class java/util/stream/ReduceOps$5
Event: 11.527 Loading class java/util/stream/ReduceOps$5 done
Event: 11.527 Loading class java/util/stream/ReduceOps$CountingSink$OfRef
Event: 11.527 Loading class java/util/stream/ReduceOps$CountingSink
Event: 11.527 Loading class java/util/stream/ReduceOps$CountingSink done
Event: 11.527 Loading class java/util/stream/ReduceOps$CountingSink$OfRef done
Event: 11.656 Loading class java/lang/Character$UnicodeBlock
Event: 11.659 Loading class java/lang/Character$Subset
Event: 11.659 Loading class java/lang/Character$Subset done
Event: 11.659 Loading class java/lang/Character$UnicodeBlock done
Event: 11.693 Loading class java/util/regex/Pattern$1
Event: 11.693 Loading class java/util/regex/Pattern$1 done
Event: 11.980 Loading class java/nio/charset/UnsupportedCharsetException
Event: 11.980 Loading class java/nio/charset/UnsupportedCharsetException done
Event: 12.100 Loading class java/util/ArrayList$ListItr
Event: 12.100 Loading class java/util/ArrayList$ListItr done

Classes unloaded (0 events):
No events

Classes redefined (0 events):
No events

Internal exceptions (20 events):
Event: 10.665 Thread 0x000002caa010e150 Implicit null exception at 0x000002caaa989fd7 to 0x000002caaa98a5bc
Event: 10.671 Thread 0x000002caa010e150 Exception <a 'sun/nio/fs/WindowsException'{0x000000070d1bd510}> (0x000000070d1bd510) 
thrown [s\src\hotspot\share\prims\jni.cpp, line 516]
Event: 10.671 Thread 0x000002caa010e150 Exception <a 'sun/nio/fs/WindowsException'{0x000000070d1bd640}> (0x000000070d1bd640) 
thrown [s\src\hotspot\share\prims\jni.cpp, line 516]
Event: 10.727 Thread 0x000002caa010e150 Exception <a 'java/lang/NoSuchMethodError'{0x000000070cec1838}: 'long java.lang.invoke.DirectMethodHandle$Holder.invokeStatic(java.lang.Object)'> (0x000000070cec1838) 
thrown [s\src\hotspot\share\interpreter\linkResolver.cpp, line 759]
Event: 10.732 Thread 0x000002caa010e150 Exception <a 'sun/nio/fs/WindowsException'{0x000000070ceddaf8}> (0x000000070ceddaf8) 
thrown [s\src\hotspot\share\prims\jni.cpp, line 516]
Event: 10.732 Thread 0x000002caa010e150 Exception <a 'sun/nio/fs/WindowsException'{0x000000070ceddc28}> (0x000000070ceddc28) 
thrown [s\src\hotspot\share\prims\jni.cpp, line 516]
Event: 10.755 Thread 0x000002cac7caeb20 Exception <a 'java/lang/NoSuchMethodError'{0x000000070cfd56f0}: 'java.lang.Object java.lang.invoke.DirectMethodHandle$Holder.newInvokeSpecial(java.lang.Object, long)'> (0x000000070cfd56f0) 
thrown [s\src\hotspot\share\interpreter\linkResolver.cpp, line 759]
Event: 10.756 Thread 0x000002cac7caeb20 Exception <a 'java/lang/NoSuchMethodError'{0x000000070cfd9628}: 'java.lang.Object java.lang.invoke.DirectMethodHandle$Holder.invokeStatic(java.lang.Object, long, long)'> (0x000000070cfd9628) 
thrown [s\src\hotspot\share\interpreter\linkResolver.cpp, line 759]
Event: 10.759 Thread 0x000002cac7caeb20 Exception <a 'java/lang/NoSuchMethodError'{0x000000070cfe5928}: 'java.lang.Object java.lang.invoke.DirectMethodHandle$Holder.invokeInterface(java.lang.Object, java.lang.Object, long)'> (0x000000070cfe5928) 
thrown [s\src\hotspot\share\interpreter\linkResolver.cpp, line 759]
Event: 10.767 Thread 0x000002caa010e150 Implicit null exception at 0x000002caaa9806d7 to 0x000002caaa980c90
Event: 10.783 Thread 0x000002cac7caeb20 Exception <a 'java/lang/NoSuchMethodError'{0x000000070cd3ce00}: 'void java.lang.invoke.DirectMethodHandle$Holder.invokeStatic(java.lang.Object, long)'> (0x000000070cd3ce00) 
thrown [s\src\hotspot\share\interpreter\linkResolver.cpp, line 759]
Event: 10.827 Thread 0x000002cac7caeb20 Exception <a 'java/lang/NoSuchMethodError'{0x000000070ca3d680}: 'void java.lang.invoke.DirectMethodHandle$Holder.invokeStatic(java.lang.Object, java.lang.Object, long)'> (0x000000070ca3d680) 
thrown [s\src\hotspot\share\interpreter\linkResolver.cpp, line 759]
Event: 10.912 Thread 0x000002caa010e150 Exception <a 'java/lang/IncompatibleClassChangeError'{0x000000070c90f5a0}: Found class java.lang.Object, but interface was expected> (0x000000070c90f5a0) 
thrown [s\src\hotspot\share\interpreter\linkResolver.cpp, line 826]
Event: 10.970 Thread 0x000002caa010e150 Exception <a 'sun/nio/fs/WindowsException'{0x000000070c63e5d8}> (0x000000070c63e5d8) 
thrown [s\src\hotspot\share\prims\jni.cpp, line 516]
Event: 10.976 Thread 0x000002caa010e150 Exception <a 'java/lang/IncompatibleClassChangeError'{0x000000070c65f9b8}: Found class java.lang.Object, but interface was expected> (0x000000070c65f9b8) 
thrown [s\src\hotspot\share\interpreter\linkResolver.cpp, line 826]
Event: 11.059 Thread 0x000002caa010e150 Exception <a 'java/lang/IncompatibleClassChangeError'{0x000000070c409400}: Found class java.lang.Object, but interface was expected> (0x000000070c409400) 
thrown [s\src\hotspot\share\interpreter\linkResolver.cpp, line 826]
Event: 11.439 Thread 0x000002caa010e150 Exception <a 'java/lang/IncompatibleClassChangeError'{0x000000070bdbf7c0}: Found class java.lang.Object, but interface was expected> (0x000000070bdbf7c0) 
thrown [s\src\hotspot\share\interpreter\linkResolver.cpp, line 826]
Event: 11.671 Thread 0x000002caa010e150 Exception <a 'java/lang/NoSuchMethodError'{0x000000070b850388}: 'int java.lang.invoke.DirectMethodHandle$Holder.invokeStatic(java.lang.Object, java.lang.Object, int)'> (0x000000070b850388) 
thrown [s\src\hotspot\share\interpreter\linkResolver.cpp, line 759]
Event: 11.678 Thread 0x000002caa010e150 Exception <a 'java/lang/NoSuchMethodError'{0x000000070b869c78}: 'java.lang.Object java.lang.invoke.DirectMethodHandle$Holder.invokeStatic(java.lang.Object, java.lang.Object, int, java.lang.Object)'> (0x000000070b869c78) 
thrown [s\src\hotspot\share\interpreter\linkResolver.cpp, line 759]
Event: 11.680 Thread 0x000002caa010e150 Exception <a 'java/lang/NoSuchMethodError'{0x000000070b871190}: 'java.lang.Object java.lang.invoke.DirectMethodHandle$Holder.newInvokeSpecial(java.lang.Object, java.lang.Object, int)'> (0x000000070b871190) 
thrown [s\src\hotspot\share\interpreter\linkResolver.cpp, line 759]

VM Operations (20 events):
Event: 10.681 Executing VM operation: HandshakeAllThreads done
Event: 10.775 Executing VM operation: HandshakeAllThreads
Event: 10.775 Executing VM operation: HandshakeAllThreads done
Event: 10.802 Executing VM operation: HandshakeAllThreads
Event: 10.802 Executing VM operation: HandshakeAllThreads done
Event: 10.803 Executing VM operation: HandshakeAllThreads
Event: 10.803 Executing VM operation: HandshakeAllThreads done
Event: 10.832 Executing VM operation: HandshakeAllThreads
Event: 10.833 Executing VM operation: HandshakeAllThreads done
Event: 11.183 Executing VM operation: ICBufferFull
Event: 11.184 Executing VM operation: ICBufferFull done
Event: 11.775 Executing VM operation: G1CollectForAllocation
Event: 11.783 Executing VM operation: G1CollectForAllocation done
Event: 11.899 Executing VM operation: G1CollectForAllocation
Event: 11.906 Executing VM operation: G1CollectForAllocation done
Event: 12.101 Executing VM operation: HandshakeAllThreads
Event: 12.101 Executing VM operation: HandshakeAllThreads done
Event: 12.136 Executing VM operation: HandshakeAllThreads
Event: 12.136 Executing VM operation: HandshakeAllThreads done
Event: 13.149 Executing VM operation: Cleanup

Memory protections (0 events):
No events

Nmethod flushes (0 events):
No events

Events (20 events):
Event: 4.409 Thread 0x000002cac33d9f90 Thread exited: 0x000002cac33d9f90
Event: 4.878 Thread 0x000002cabeaaecb0 Thread added: 0x000002cac3e12760
Event: 5.159 Thread 0x000002cac3e12760 Thread exited: 0x000002cac3e12760
Event: 5.668 Thread 0x000002cabeaaecb0 Thread added: 0x000002cac3d56210
Event: 5.850 Thread 0x000002caa010e150 Thread added: 0x000002cac42297f0
Event: 6.671 Thread 0x000002cac42297f0 Thread exited: 0x000002cac42297f0
Event: 6.784 Thread 0x000002cac3d56210 Thread exited: 0x000002cac3d56210
Event: 6.893 Thread 0x000002cabeaaecb0 Thread added: 0x000002cac3d56210
Event: 6.901 Thread 0x000002caa010e150 Thread added: 0x000002cac45bfa00
Event: 6.970 Thread 0x000002cabeaaecb0 Thread added: 0x000002cac49afdb0
Event: 6.991 Thread 0x000002cac45bfa00 Thread exited: 0x000002cac45bfa00
Event: 10.318 Thread 0x000002caa010e150 Thread added: 0x000002cac7caf030
Event: 10.320 Thread 0x000002cac7caf030 Thread added: 0x000002cac7cadbf0
Event: 10.329 Thread 0x000002caa010e150 Thread added: 0x000002cac7caf540
Event: 10.569 Thread 0x000002caa010e150 Thread added: 0x000002cac7cae610
Event: 10.654 Thread 0x000002cac49afdb0 Thread exited: 0x000002cac49afdb0
Event: 10.704 Thread 0x000002caa010e150 Thread added: 0x000002cac7caeb20
Event: 10.818 Thread 0x000002cac7caeb20 Thread added: 0x000002cac7cb0470
Event: 10.825 Thread 0x000002cac7caeb20 Thread added: 0x000002cac7cafa50
Event: 10.839 Thread 0x000002cabeaaecb0 Thread added: 0x000002cac7ecf600


Dynamic libraries:
0x00007ff7fe140000 - 0x00007ff7fe14e000 	C:\Users\Thamod Rasmitha\.vscode\extensions\redhat.java-1.37.0-win32-x64\jre\17.0.13-win32-x86_64\bin\java.exe
0x00007ff8d7a60000 - 0x00007ff8d7cc3000 	C:\WINDOWS\SYSTEM32\ntdll.dll
0x00007ff8d6cf0000 - 0x00007ff8d6db8000 	C:\WINDOWS\System32\KERNEL32.DLL
0x00007ff8d4ed0000 - 0x00007ff8d5282000 	C:\WINDOWS\System32\KERNELBASE.dll
0x00007ff8d55f0000 - 0x00007ff8d573b000 	C:\WINDOWS\System32\ucrtbase.dll
0x00007ff853220000 - 0x00007ff853237000 	C:\Users\Thamod Rasmitha\.vscode\extensions\redhat.java-1.37.0-win32-x64\jre\17.0.13-win32-x86_64\bin\jli.dll
0x00007ff8103d0000 - 0x00007ff8103ee000 	C:\Users\Thamod Rasmitha\.vscode\extensions\redhat.java-1.37.0-win32-x64\jre\17.0.13-win32-x86_64\bin\VCRUNTIME140.dll
0x00007ff8d7850000 - 0x00007ff8d7a18000 	C:\WINDOWS\System32\USER32.dll
0x00007ff8bf020000 - 0x00007ff8bf2b0000 	C:\WINDOWS\WinSxS\amd64_microsoft.windows.common-controls_6595b64144ccf1df_6.0.26100.2454_none_3e0b68a2e331ad60\COMCTL32.dll
0x00007ff8d5490000 - 0x00007ff8d54b7000 	C:\WINDOWS\System32\win32u.dll
0x00007ff8d6520000 - 0x00007ff8d654a000 	C:\WINDOWS\System32\GDI32.dll
0x00007ff8d7040000 - 0x00007ff8d70e9000 	C:\WINDOWS\System32\msvcrt.dll
0x00007ff8d54c0000 - 0x00007ff8d55eb000 	C:\WINDOWS\System32\gdi32full.dll
0x00007ff8d53e0000 - 0x00007ff8d5483000 	C:\WINDOWS\System32\msvcp_win.dll
0x00007ff8d6fd0000 - 0x00007ff8d6fff000 	C:\WINDOWS\System32\IMM32.DLL
0x00007ff8ab230000 - 0x00007ff8ab23c000 	C:\Users\Thamod Rasmitha\.vscode\extensions\redhat.java-1.37.0-win32-x64\jre\17.0.13-win32-x86_64\bin\vcruntime140_1.dll
0x00007ffffd570000 - 0x00007ffffd5fd000 	C:\Users\Thamod Rasmitha\.vscode\extensions\redhat.java-1.37.0-win32-x64\jre\17.0.13-win32-x86_64\bin\msvcp140.dll
0x00007ffffc900000 - 0x00007ffffd56b000 	C:\Users\Thamod Rasmitha\.vscode\extensions\redhat.java-1.37.0-win32-x64\jre\17.0.13-win32-x86_64\bin\server\jvm.dll
0x00007ff8d6720000 - 0x00007ff8d67d4000 	C:\WINDOWS\System32\ADVAPI32.dll
0x00007ff8d5c50000 - 0x00007ff8d5cf6000 	C:\WINDOWS\System32\sechost.dll
0x00007ff8d6930000 - 0x00007ff8d6a46000 	C:\WINDOWS\System32\RPCRT4.dll
0x00007ff8d7660000 - 0x00007ff8d76d4000 	C:\WINDOWS\System32\WS2_32.dll
0x00007ff8d3b00000 - 0x00007ff8d3b4e000 	C:\WINDOWS\SYSTEM32\POWRPROF.dll
0x00007ff8caa30000 - 0x00007ff8caa66000 	C:\WINDOWS\SYSTEM32\WINMM.dll
0x00007ff8caa70000 - 0x00007ff8caa7b000 	C:\WINDOWS\SYSTEM32\VERSION.dll
0x00007ff8d3ae0000 - 0x00007ff8d3af4000 	C:\WINDOWS\SYSTEM32\UMPDC.dll
0x00007ff8d3d80000 - 0x00007ff8d3d9a000 	C:\WINDOWS\SYSTEM32\kernel.appcore.dll
0x00007ff8a1630000 - 0x00007ff8a163a000 	C:\Users\Thamod Rasmitha\.vscode\extensions\redhat.java-1.37.0-win32-x64\jre\17.0.13-win32-x86_64\bin\jimage.dll
0x00007ff8d2710000 - 0x00007ff8d2951000 	C:\WINDOWS\SYSTEM32\DBGHELP.DLL
0x00007ff8d58c0000 - 0x00007ff8d5c3e000 	C:\WINDOWS\System32\combase.dll
0x00007ff8d6c10000 - 0x00007ff8d6ce6000 	C:\WINDOWS\System32\OLEAUT32.dll
0x00007ff8bf2c0000 - 0x00007ff8bf2f9000 	C:\WINDOWS\SYSTEM32\dbgcore.DLL
0x00007ff8d4e30000 - 0x00007ff8d4ec9000 	C:\WINDOWS\System32\bcryptPrimitives.dll
0x00007ff88e530000 - 0x00007ff88e56b000 	C:\Users\Thamod Rasmitha\.vscode\extensions\redhat.java-1.37.0-win32-x64\jre\17.0.13-win32-x86_64\bin\jdwp.dll
0x00007ff803730000 - 0x00007ff803755000 	C:\Users\Thamod Rasmitha\.vscode\extensions\redhat.java-1.37.0-win32-x64\jre\17.0.13-win32-x86_64\bin\java.dll
0x00007ff80e7a0000 - 0x00007ff80e7b8000 	C:\Users\Thamod Rasmitha\.vscode\extensions\redhat.java-1.37.0-win32-x64\jre\17.0.13-win32-x86_64\bin\zip.dll
0x00007ff8d5d60000 - 0x00007ff8d6460000 	C:\WINDOWS\System32\SHELL32.dll
0x00007ff8d2ba0000 - 0x00007ff8d33d1000 	C:\WINDOWS\SYSTEM32\windows.storage.dll
0x00007ff8d7770000 - 0x00007ff8d784a000 	C:\WINDOWS\System32\SHCORE.dll
0x00007ff8d5d00000 - 0x00007ff8d5d5d000 	C:\WINDOWS\System32\shlwapi.dll
0x00007ff8d4d40000 - 0x00007ff8d4d6e000 	C:\WINDOWS\SYSTEM32\profapi.dll
0x00007ff8977e0000 - 0x00007ff8977ec000 	C:\Users\Thamod Rasmitha\.vscode\extensions\redhat.java-1.37.0-win32-x64\jre\17.0.13-win32-x86_64\bin\dt_socket.dll
0x00007ff8d3740000 - 0x00007ff8d3772000 	C:\WINDOWS\SYSTEM32\IPHLPAPI.DLL
0x00007ff8d4280000 - 0x00007ff8d42e8000 	C:\WINDOWS\system32\mswsock.dll
0x00007ff8d37d0000 - 0x00007ff8d38f5000 	C:\WINDOWS\SYSTEM32\DNSAPI.dll
0x00007ff8d6fc0000 - 0x00007ff8d6fca000 	C:\WINDOWS\System32\NSI.dll
0x00007ff8c5ca0000 - 0x00007ff8c5cab000 	C:\Windows\System32\rasadhlp.dll
0x00007ff8cc1c0000 - 0x00007ff8cc245000 	C:\WINDOWS\System32\fwpuclnt.dll
0x00007ff8063b0000 - 0x00007ff8063c9000 	C:\Users\Thamod Rasmitha\.vscode\extensions\redhat.java-1.37.0-win32-x64\jre\17.0.13-win32-x86_64\bin\net.dll
0x00007ff8cfe90000 - 0x00007ff8cffb6000 	C:\WINDOWS\SYSTEM32\WINHTTP.dll
0x00007ff803710000 - 0x00007ff803726000 	C:\Users\Thamod Rasmitha\.vscode\extensions\redhat.java-1.37.0-win32-x64\jre\17.0.13-win32-x86_64\bin\nio.dll
0x00007ff8b1b20000 - 0x00007ff8b1b2e000 	C:\Users\Thamod Rasmitha\.vscode\extensions\redhat.java-1.37.0-win32-x64\jre\17.0.13-win32-x86_64\bin\sunmscapi.dll
0x00007ff8d5740000 - 0x00007ff8d58b6000 	C:\WINDOWS\System32\CRYPT32.dll
0x00007ff8d4720000 - 0x00007ff8d4750000 	C:\WINDOWS\SYSTEM32\ncrypt.dll
0x00007ff8d46d0000 - 0x00007ff8d470f000 	C:\WINDOWS\SYSTEM32\NTASN1.dll
0x00007ff8d4520000 - 0x00007ff8d453c000 	C:\WINDOWS\SYSTEM32\CRYPTSP.dll
0x00007ff8d3ce0000 - 0x00007ff8d3d18000 	C:\WINDOWS\system32\rsaenh.dll
0x00007ff8d4320000 - 0x00007ff8d434b000 	C:\WINDOWS\SYSTEM32\USERENV.dll
0x00007ff8d4760000 - 0x00007ff8d4786000 	C:\WINDOWS\SYSTEM32\bcrypt.dll
0x00007ff8d4540000 - 0x00007ff8d454c000 	C:\WINDOWS\SYSTEM32\CRYPTBASE.dll
0x00007ff8cfdb0000 - 0x00007ff8cfdce000 	C:\WINDOWS\SYSTEM32\dhcpcsvc6.DLL
0x00007ff8cfd80000 - 0x00007ff8cfda5000 	C:\WINDOWS\SYSTEM32\dhcpcsvc.DLL
0x00007ff8b1b10000 - 0x00007ff8b1b1a000 	C:\Users\Thamod Rasmitha\.vscode\extensions\redhat.java-1.37.0-win32-x64\jre\17.0.13-win32-x86_64\bin\management.dll
0x00007ff8b1b00000 - 0x00007ff8b1b0b000 	C:\Users\Thamod Rasmitha\.vscode\extensions\redhat.java-1.37.0-win32-x64\jre\17.0.13-win32-x86_64\bin\management_ext.dll
0x00007ff8d6bf0000 - 0x00007ff8d6bf8000 	C:\WINDOWS\System32\PSAPI.DLL
0x00007ff8b3250000 - 0x00007ff8b3259000 	C:\Users\Thamod Rasmitha\.vscode\extensions\redhat.java-1.37.0-win32-x64\jre\17.0.13-win32-x86_64\bin\extnet.dll

dbghelp: loaded successfully - version: 4.0.5 - missing functions: none
symbol engine: initialized successfully - sym options: 0x614 - pdb path: .;C:\Users\Thamod Rasmitha\.vscode\extensions\redhat.java-1.37.0-win32-x64\jre\17.0.13-win32-x86_64\bin;C:\WINDOWS\SYSTEM32;C:\WINDOWS\WinSxS\amd64_microsoft.windows.common-controls_6595b64144ccf1df_6.0.26100.2454_none_3e0b68a2e331ad60;C:\Users\Thamod Rasmitha\.vscode\extensions\redhat.java-1.37.0-win32-x64\jre\17.0.13-win32-x86_64\bin\server

VM Arguments:
jvm_args: -agentlib:jdwp=transport=dt_socket,server=n,suspend=y,address=localhost:50681 -XX:+ShowCodeDetailsInExceptionMessages 
java_command: com.foodies.foodiesBackendImplementation.FoodiesBackendImplementationApplication
java_class_path (initial): C:\Users\Thamod Rasmitha\Desktop\foodiesBackendImplementation\target\classes;C:\Users\Thamod Rasmitha\.m2\repository\org\springframework\boot\spring-boot-starter-data-jpa\3.4.0\spring-boot-starter-data-jpa-3.4.0.jar;C:\Users\Thamod Rasmitha\.m2\repository\org\springframework\boot\spring-boot-starter\3.4.0\spring-boot-starter-3.4.0.jar;C:\Users\Thamod Rasmitha\.m2\repository\org\springframework\boot\spring-boot\3.4.0\spring-boot-3.4.0.jar;C:\Users\Thamod Rasmitha\.m2\repository\org\springframework\boot\spring-boot-autoconfigure\3.4.0\spring-boot-autoconfigure-3.4.0.jar;C:\Users\Thamod Rasmitha\.m2\repository\org\springframework\boot\spring-boot-starter-logging\3.4.0\spring-boot-starter-logging-3.4.0.jar;C:\Users\Thamod Rasmitha\.m2\repository\ch\qos\logback\logback-classic\1.5.12\logback-classic-1.5.12.jar;C:\Users\Thamod Rasmitha\.m2\repository\ch\qos\logback\logback-core\1.5.12\logback-core-1.5.12.jar;C:\Users\Thamod Rasmitha\.m2\repository\org\apache\logging\log4j\log4j-to-slf4j\2.24.1\log4j-to-slf4j-2.24.1.jar;C:\Users\Thamod Rasmitha\.m2\repository\org\apache\logging\log4j\log4j-api\2.24.1\log4j-api-2.24.1.jar;C:\Users\Thamod Rasmitha\.m2\repository\org\slf4j\jul-to-slf4j\2.0.16\jul-to-slf4j-2.0.16.jar;C:\Users\Thamod Rasmitha\.m2\repository\jakarta\annotation\jakarta.annotation-api\2.1.1\jakarta.annotation-api-2.1.1.jar;C:\Users\Thamod Rasmitha\.m2\repository\org\yaml\snakeyaml\2.3\snakeyaml-2.3.jar;C:\Users\Thamod Rasmitha\.m2\repository\org\springframework\boot\spring-boot-starter-jdbc\3.4.0\spring-boot-starter-jdbc-3.4.0.jar;C:\Users\Thamod Rasmitha\.m2\repository\com\zaxxer\HikariCP\5.1.0\HikariCP-5.1.0.jar;C:\Users\Thamod Rasmitha\.m2\repository\org\springframework\spring-jdbc\6.2.0\spring-jdbc-6.2.0.jar;C:\Users\Thamod Rasmitha\.m2\repository\org\hibernate\orm\hibernate-core\6.6.2.Final\hibernate-core-6.6.2.Final.jar;C:\Users\Thamod Rasmitha\.m2\repository\jakarta\persistence\jakarta.persistence-api\3.1.0\jakarta.persistence-a
Launcher Type: SUN_STANDARD

[Global flags]
     intx CICompilerCount                          = 4                                         {product} {ergonomic}
     uint ConcGCThreads                            = 3                                         {product} {ergonomic}
     uint G1ConcRefinementThreads                  = 10                                        {product} {ergonomic}
   size_t G1HeapRegionSize                         = 2097152                                   {product} {ergonomic}
    uintx GCDrainStackTargetSize                   = 64                                        {product} {ergonomic}
   size_t InitialHeapSize                          = 260046848                                 {product} {ergonomic}
   size_t MarkStackSize                            = 4194304                                   {product} {ergonomic}
   size_t MaxHeapSize                              = 4131389440                                {product} {ergonomic}
   size_t MaxNewSize                               = 2478833664                                {product} {ergonomic}
   size_t MinHeapDeltaBytes                        = 2097152                                   {product} {ergonomic}
   size_t MinHeapSize                              = 8388608                                   {product} {ergonomic}
    uintx NonNMethodCodeHeapSize                   = 5839372                                {pd product} {ergonomic}
    uintx NonProfiledCodeHeapSize                  = 122909434                              {pd product} {ergonomic}
    uintx ProfiledCodeHeapSize                     = 122909434                              {pd product} {ergonomic}
    uintx ReservedCodeCacheSize                    = 251658240                              {pd product} {ergonomic}
     bool SegmentedCodeCache                       = true                                      {product} {ergonomic}
     bool ShowCodeDetailsInExceptionMessages       = true                                   {manageable} {command line}
   size_t SoftMaxHeapSize                          = 4131389440                             {manageable} {ergonomic}
     bool UseCompressedClassPointers               = true                           {product lp64_product} {ergonomic}
     bool UseCompressedOops                        = true                           {product lp64_product} {ergonomic}
     bool UseG1GC                                  = true                                      {product} {ergonomic}
     bool UseLargePagesIndividualAllocation        = false                                  {pd product} {ergonomic}

Logging:
Log output configuration:
 #0: stdout all=warning uptime,level,tags
 #1: stderr all=off uptime,level,tags

Environment Variables:
PATH=C:\Program Files\PowerShell\7;C:\Program Files (x86)\Common Files\Oracle\Java\javapath;C:\oracles\dbhomeXE\bin;C:\Python311\Scripts\;C:\Python311\;C:\WINDOWS\system32;C:\WINDOWS;C:\WINDOWS\System32\Wbem;C:\WINDOWS\System32\WindowsPowerShell\v1.0\;C:\WINDOWS\System32\OpenSSH\;C:\Program Files\Java\jdk1.8.0_351\bin;C:\Program Files\Java\jre1.8.0_351\bin;C:\ProgramData\chocolatey\bin;C:\Program Files\Git\cmd;C:\Program Files\nodejs\;C:\Program Files\MATLAB\R2023a\runtime\win64;C:\Program Files\MATLAB\R2023a\bin;C:\Program Files (x86)\Microsoft SQL Server\160\DTS\Binn\;C:\Program Files (x86)\Microsoft SQL Server\160\Tools\Binn\;C:\Program Files\Microsoft SQL Server\160\Tools\Binn\;C:\Program Files\Microsoft SQL Server\Client SDK\ODBC\170\Tools\Binn\;C:\Program Files\Microsoft SQL Server\160\DTS\Binn\;C:\Program Files\Microsoft SQL Server\150\Tools\Binn\;C:\Program Files\PowerShell\7\;D:\Software\mongoDb\mongosh-2.3.3-win32-x64\mongosh-2.3.3-win32-x64\bin;C:\Users\Thamod Rasmitha\AppData\Local\Microsoft\WindowsApps;C:\Program Files\JetBrains\IntelliJ IDEA Community Edition 2022.3.1\bin;;C:\Users\Thamod Rasmitha\AppData\Local\Programs\Microsoft VS Code\bin;C:\flutter\bin;C:\Users\Thamod Rasmitha\AppData\Local\Pub\Cache\bin;C:\Users\Thamod Rasmitha\AppData\Roaming\npm;
USERNAME=Thamod Rasmitha
LANG=en_US.UTF-8
OS=Windows_NT
PROCESSOR_IDENTIFIER=AMD64 Family 23 Model 104 Stepping 1, AuthenticAMD
TMP=C:\Users\THAMOD~1\AppData\Local\Temp
TEMP=C:\Users\THAMOD~1\AppData\Local\Temp



Periodic native trim disabled


---------------  S Y S T E M  ---------------

OS:
 Windows 11 , 64 bit Build 26100 (10.0.26100.2454)
OS uptime: 0 days 1:34 hours

CPU: total 12 (initial active 12) (12 cores per cpu, 2 threads per core) family 23 model 104 stepping 1 microcode 0x8608104, cx8, cmov, fxsr, ht, mmx, 3dnowpref, sse, sse2, sse3, ssse3, sse4a, sse4.1, sse4.2, popcnt, lzcnt, tsc, tscinvbit, avx, avx2, aes, clmul, bmi1, bmi2, adx, sha, fma, vzeroupper, clflush, clflushopt
Processor Information for processor 0
  Max Mhz: 2100, Current Mhz: 1893, Mhz Limit: 2100
Processor Information for processor 1
  Max Mhz: 2100, Current Mhz: 1893, Mhz Limit: 2100
Processor Information for processor 2
  Max Mhz: 2100, Current Mhz: 1893, Mhz Limit: 2100
Processor Information for processor 3
  Max Mhz: 2100, Current Mhz: 1893, Mhz Limit: 2100
Processor Information for processor 4
  Max Mhz: 2100, Current Mhz: 1813, Mhz Limit: 2100
Processor Information for processor 5
  Max Mhz: 2100, Current Mhz: 1893, Mhz Limit: 2100
Processor Information for processor 6
  Max Mhz: 2100, Current Mhz: 1813, Mhz Limit: 2100
Processor Information for processor 7
  Max Mhz: 2100, Current Mhz: 1813, Mhz Limit: 2100
Processor Information for processor 8
  Max Mhz: 2100, Current Mhz: 1813, Mhz Limit: 2100
Processor Information for processor 9
  Max Mhz: 2100, Current Mhz: 1813, Mhz Limit: 2100
Processor Information for processor 10
  Max Mhz: 2100, Current Mhz: 1813, Mhz Limit: 2100
Processor Information for processor 11
  Max Mhz: 2100, Current Mhz: 1813, Mhz Limit: 2100

Memory: 4k page, system-wide physical 15753M (5585M free)
TotalPageFile size 15753M (AvailPageFile size 9M)
current process WorkingSet (physical memory assigned to process): 232M, peak: 232M
current process commit charge ("private bytes"): 271M, peak: 379M

vm_info: OpenJDK 64-Bit Server VM (17.0.13+11) for windows-amd64 JRE (17.0.13+11), built on Oct 16 2024 00:10:08 by "admin" with MS VC++ 17.7 (VS2022)

END.
